DEBUG - 2025-07-30 02:37:35 --> Session: Class initialized using 'CodeIgniter\Session\Handlers\FileHandler' driver.
DEBUG - 2025-07-30 02:39:49 --> Session: Class initialized using 'CodeIgniter\Session\Handlers\FileHandler' driver.
DEBUG - 2025-07-30 02:42:08 --> Session: Class initialized using 'CodeIgniter\Session\Handlers\FileHandler' driver.
DEBUG - 2025-07-30 02:42:33 --> Session: Class initialized using 'CodeIgniter\Session\Handlers\FileHandler' driver.
DEBUG - 2025-07-30 02:42:44 --> Session: Class initialized using 'CodeIgniter\Session\Handlers\FileHandler' driver.
DEBUG - 2025-07-30 02:42:45 --> Session: Class initialized using 'CodeIgniter\Session\Handlers\FileHandler' driver.
DEBUG - 2025-07-30 02:42:51 --> Session: Class initialized using 'CodeIgniter\Session\Handlers\FileHandler' driver.
DEBUG - 2025-07-30 02:43:00 --> Session: Class initialized using 'CodeIgniter\Session\Handlers\FileHandler' driver.
DEBUG - 2025-07-30 02:43:11 --> Session: Class initialized using 'CodeIgniter\Session\Handlers\FileHandler' driver.
DEBUG - 2025-07-30 02:43:40 --> Session: Class initialized using 'CodeIgniter\Session\Handlers\FileHandler' driver.
DEBUG - 2025-07-30 02:44:00 --> Session: Class initialized using 'CodeIgniter\Session\Handlers\FileHandler' driver.
DEBUG - 2025-07-30 02:44:14 --> Session: Class initialized using 'CodeIgniter\Session\Handlers\FileHandler' driver.
INFO - 2025-07-30 02:58:18 --> CSRF token verified.
ERROR - 2025-07-30 02:58:22 --> Error connecting to the database: mysqli_sql_exception: No connection could be made because the target machine actively refused it in C:\project\toko_buku\vendor\codeigniter4\framework\system\Database\MySQLi\Connection.php:201
Stack trace:
#0 C:\project\toko_buku\vendor\codeigniter4\framework\system\Database\MySQLi\Connection.php(201): mysqli->real_connect('localhost', 'root', Object(SensitiveParameterValue), 'toko_buku_db', 3306, '', 0)
#1 C:\project\toko_buku\vendor\codeigniter4\framework\system\Database\BaseConnection.php(421): CodeIgniter\Database\MySQLi\Connection->connect(false)
#2 C:\project\toko_buku\vendor\codeigniter4\framework\system\Database\BaseConnection.php(620): CodeIgniter\Database\BaseConnection->initialize()
#3 C:\project\toko_buku\vendor\codeigniter4\framework\system\Database\BaseBuilder.php(1649): CodeIgniter\Database\BaseConnection->query('SELECT *\nFROM `...', Array, false)
#4 C:\project\toko_buku\vendor\codeigniter4\framework\system\Model.php(330): CodeIgniter\Database\BaseBuilder->get()
#5 C:\project\toko_buku\vendor\codeigniter4\framework\system\BaseModel.php(717): CodeIgniter\Model->doFirst()
#6 C:\project\toko_buku\app\Models\UserModel.php(73): CodeIgniter\BaseModel->first()
#7 C:\project\toko_buku\app\Controllers\Auth.php(44): App\Models\UserModel->getUserByEmail('A@GMAIK.COM')
#8 C:\project\toko_buku\vendor\codeigniter4\framework\system\CodeIgniter.php(933): App\Controllers\Auth->attemptLogin()
#9 C:\project\toko_buku\vendor\codeigniter4\framework\system\CodeIgniter.php(507): CodeIgniter\CodeIgniter->runController(Object(App\Controllers\Auth))
#10 C:\project\toko_buku\vendor\codeigniter4\framework\system\CodeIgniter.php(354): CodeIgniter\CodeIgniter->handleRequest(NULL, Object(Config\Cache), false)
#11 C:\project\toko_buku\vendor\codeigniter4\framework\system\Boot.php(334): CodeIgniter\CodeIgniter->run()
#12 C:\project\toko_buku\vendor\codeigniter4\framework\system\Boot.php(67): CodeIgniter\Boot::runCodeIgniter(Object(CodeIgniter\CodeIgniter))
#13 C:\project\toko_buku\public\index.php(59): CodeIgniter\Boot::bootWeb(Object(Config\Paths))
#14 C:\project\toko_buku\vendor\codeigniter4\framework\system\rewrite.php(44): require_once('C:\\project\\toko...')
#15 {main}

Next CodeIgniter\Database\Exceptions\DatabaseException: No connection could be made because the target machine actively refused it in C:\project\toko_buku\vendor\codeigniter4\framework\system\Database\MySQLi\Connection.php:246
Stack trace:
#0 C:\project\toko_buku\vendor\codeigniter4\framework\system\Database\BaseConnection.php(421): CodeIgniter\Database\MySQLi\Connection->connect(false)
#1 C:\project\toko_buku\vendor\codeigniter4\framework\system\Database\BaseConnection.php(620): CodeIgniter\Database\BaseConnection->initialize()
#2 C:\project\toko_buku\vendor\codeigniter4\framework\system\Database\BaseBuilder.php(1649): CodeIgniter\Database\BaseConnection->query('SELECT *\nFROM `...', Array, false)
#3 C:\project\toko_buku\vendor\codeigniter4\framework\system\Model.php(330): CodeIgniter\Database\BaseBuilder->get()
#4 C:\project\toko_buku\vendor\codeigniter4\framework\system\BaseModel.php(717): CodeIgniter\Model->doFirst()
#5 C:\project\toko_buku\app\Models\UserModel.php(73): CodeIgniter\BaseModel->first()
#6 C:\project\toko_buku\app\Controllers\Auth.php(44): App\Models\UserModel->getUserByEmail('A@GMAIK.COM')
#7 C:\project\toko_buku\vendor\codeigniter4\framework\system\CodeIgniter.php(933): App\Controllers\Auth->attemptLogin()
#8 C:\project\toko_buku\vendor\codeigniter4\framework\system\CodeIgniter.php(507): CodeIgniter\CodeIgniter->runController(Object(App\Controllers\Auth))
#9 C:\project\toko_buku\vendor\codeigniter4\framework\system\CodeIgniter.php(354): CodeIgniter\CodeIgniter->handleRequest(NULL, Object(Config\Cache), false)
#10 C:\project\toko_buku\vendor\codeigniter4\framework\system\Boot.php(334): CodeIgniter\CodeIgniter->run()
#11 C:\project\toko_buku\vendor\codeigniter4\framework\system\Boot.php(67): CodeIgniter\Boot::runCodeIgniter(Object(CodeIgniter\CodeIgniter))
#12 C:\project\toko_buku\public\index.php(59): CodeIgniter\Boot::bootWeb(Object(Config\Paths))
#13 C:\project\toko_buku\vendor\codeigniter4\framework\system\rewrite.php(44): require_once('C:\\project\\toko...')
#14 {main}
CRITICAL - 2025-07-30 02:58:22 --> CodeIgniter\Database\Exceptions\DatabaseException: Unable to connect to the database.
Main connection [MySQLi]: No connection could be made because the target machine actively refused it
[Method: POST, Route: auth/login]
in SYSTEMPATH\Database\BaseConnection.php on line 467.
 1 SYSTEMPATH\Database\BaseConnection.php(620): CodeIgniter\Database\BaseConnection->initialize()
 2 SYSTEMPATH\Database\BaseBuilder.php(1649): CodeIgniter\Database\BaseConnection->query('SELECT *
FROM `users`
WHERE `email` = :email:
 LIMIT 1', [...], false)
 3 SYSTEMPATH\Model.php(330): CodeIgniter\Database\BaseBuilder->get()
 4 SYSTEMPATH\BaseModel.php(717): CodeIgniter\Model->doFirst()
 5 APPPATH\Models\UserModel.php(73): CodeIgniter\BaseModel->first()
 6 APPPATH\Controllers\Auth.php(44): App\Models\UserModel->getUserByEmail('A@GMAIK.COM')
 7 SYSTEMPATH\CodeIgniter.php(933): App\Controllers\Auth->attemptLogin()
 8 SYSTEMPATH\CodeIgniter.php(507): CodeIgniter\CodeIgniter->runController(Object(App\Controllers\Auth))
 9 SYSTEMPATH\CodeIgniter.php(354): CodeIgniter\CodeIgniter->handleRequest(null, Object(Config\Cache), false)
10 SYSTEMPATH\Boot.php(334): CodeIgniter\CodeIgniter->run()
11 SYSTEMPATH\Boot.php(67): CodeIgniter\Boot::runCodeIgniter(Object(CodeIgniter\CodeIgniter))
12 FCPATH\index.php(59): CodeIgniter\Boot::bootWeb(Object(Config\Paths))
13 SYSTEMPATH\rewrite.php(44): require_once('C:\\project\\toko_buku\\public\\index.php')
INFO - 2025-07-30 02:58:35 --> CSRF token verified.
DEBUG - 2025-07-30 02:58:35 --> Session: Class initialized using 'CodeIgniter\Session\Handlers\FileHandler' driver.
DEBUG - 2025-07-30 02:58:35 --> Session: Class initialized using 'CodeIgniter\Session\Handlers\FileHandler' driver.
DEBUG - 2025-07-30 03:09:13 --> Session: Class initialized using 'CodeIgniter\Session\Handlers\FileHandler' driver.
DEBUG - 2025-07-30 04:38:45 --> Session: Class initialized using 'CodeIgniter\Session\Handlers\FileHandler' driver.
DEBUG - 2025-07-30 04:38:45 --> Session: Class initialized using 'CodeIgniter\Session\Handlers\FileHandler' driver.
